<?xml version="1.0" encoding="UTF-8"?>
<testng-results skipped="0" failed="0" ignored="0" total="1" passed="1">
  <reporter-output>
  </reporter-output>
  <suite name="Default suite" duration-ms="31439" started-at="2018-09-30T16:59:03Z" finished-at="2018-09-30T16:59:35Z">
    <groups>
    </groups>
    <test name="Default test" duration-ms="31439" started-at="2018-09-30T16:59:03Z" finished-at="2018-09-30T16:59:35Z">
      <class name="week3.class1.Indeed">
        <test-method status="PASS" signature="indeed()[pri:0, instance:week3.class1.Indeed@4dfa3a9d]" name="indeed" duration-ms="31387" started-at="2018-09-30T16:59:03Z" finished-at="2018-09-30T16:59:35Z">
          <reporter-output>
          </reporter-output>
        </test-method> <!-- indeed -->
      </class> <!-- week3.class1.Indeed -->
    </test> <!-- Default test -->
  </suite> <!-- Default suite -->
</testng-results>
